make --dry-run --always-make --keep-going --print-directory
make: Entering directory '/home/rgalata/Desktop/libft/libft'
gcc -Wall -Wextra -Werror -c ft_isalpha.c -o ft_isalpha.o
echo "\nlibft.a: \033[0;32mobject files were created\033[0m"
gcc -Wall -Wextra -Werror -c ft_isdigit.c -o ft_isdigit.o
echo "\nlibft.a: \033[0;32mobject files were created\033[0m"
gcc -Wall -Wextra -Werror -c ft_isalnum.c -o ft_isalnum.o
echo "\nlibft.a: \033[0;32mobject files were created\033[0m"
gcc -Wall -Wextra -Werror -c ft_isascii.c -o ft_isascii.o
echo "\nlibft.a: \033[0;32mobject files were created\033[0m"
gcc -Wall -Wextra -Werror -c ft_isprint.c -o ft_isprint.o
echo "\nlibft.a: \033[0;32mobject files were created\033[0m"
gcc -Wall -Wextra -Werror -c ft_strlen.c -o ft_strlen.o
echo "\nlibft.a: \033[0;32mobject files were created\033[0m"
gcc -Wall -Wextra -Werror -c ft_memset.c -o ft_memset.o
echo "\nlibft.a: \033[0;32mobject files were created\033[0m"
gcc -Wall -Wextra -Werror -c ft_bzero.c -o ft_bzero.o
echo "\nlibft.a: \033[0;32mobject files were created\033[0m"
gcc -Wall -Wextra -Werror -c ft_memcpy.c -o ft_memcpy.o
echo "\nlibft.a: \033[0;32mobject files were created\033[0m"
gcc -Wall -Wextra -Werror -c ft_memmove.c -o ft_memmove.o
echo "\nlibft.a: \033[0;32mobject files were created\033[0m"
gcc -Wall -Wextra -Werror -c ft_strlcpy.c -o ft_strlcpy.o
echo "\nlibft.a: \033[0;32mobject files were created\033[0m"
gcc -Wall -Wextra -Werror -c ft_strlcat.c -o ft_strlcat.o
echo "\nlibft.a: \033[0;32mobject files were created\033[0m"
gcc -Wall -Wextra -Werror -c ft_toupper.c -o ft_toupper.o
echo "\nlibft.a: \033[0;32mobject files were created\033[0m"
gcc -Wall -Wextra -Werror -c ft_tolower.c -o ft_tolower.o
echo "\nlibft.a: \033[0;32mobject files were created\033[0m"
gcc -Wall -Wextra -Werror -c ft_strchr.c -o ft_strchr.o
echo "\nlibft.a: \033[0;32mobject files were created\033[0m"
gcc -Wall -Wextra -Werror -c ft_strrchr.c -o ft_strrchr.o
echo "\nlibft.a: \033[0;32mobject files were created\033[0m"
gcc -Wall -Wextra -Werror -c ft_strncmp.c -o ft_strncmp.o
echo "\nlibft.a: \033[0;32mobject files were created\033[0m"
gcc -Wall -Wextra -Werror -c ft_memchr.c -o ft_memchr.o
echo "\nlibft.a: \033[0;32mobject files were created\033[0m"
gcc -Wall -Wextra -Werror -c ft_memcmp.c -o ft_memcmp.o
echo "\nlibft.a: \033[0;32mobject files were created\033[0m"
gcc -Wall -Wextra -Werror -c ft_strnstr.c -o ft_strnstr.o
echo "\nlibft.a: \033[0;32mobject files were created\033[0m"
gcc -Wall -Wextra -Werror -c ft_atoi.c -o ft_atoi.o
echo "\nlibft.a: \033[0;32mobject files were created\033[0m"
gcc -Wall -Wextra -Werror -c ft_strdup.c -o ft_strdup.o
echo "\nlibft.a: \033[0;32mobject files were created\033[0m"
gcc -Wall -Wextra -Werror -c ft_calloc.c -o ft_calloc.o
echo "\nlibft.a: \033[0;32mobject files were created\033[0m"
gcc -Wall -Wextra -Werror -c ft_itoa.c -o ft_itoa.o
echo "\nlibft.a: \033[0;32mobject files were created\033[0m"
gcc -Wall -Wextra -Werror -c ft_substr.c -o ft_substr.o
echo "\nlibft.a: \033[0;32mobject files were created\033[0m"
gcc -Wall -Wextra -Werror -c ft_split.c -o ft_split.o
echo "\nlibft.a: \033[0;32mobject files were created\033[0m"
gcc -Wall -Wextra -Werror -c ft_strjoin.c -o ft_strjoin.o
echo "\nlibft.a: \033[0;32mobject files were created\033[0m"
gcc -Wall -Wextra -Werror -c ft_strtrim.c -o ft_strtrim.o
echo "\nlibft.a: \033[0;32mobject files were created\033[0m"
gcc -Wall -Wextra -Werror -c ft_strmapi.c -o ft_strmapi.o
echo "\nlibft.a: \033[0;32mobject files were created\033[0m"
gcc -Wall -Wextra -Werror -c ft_striteri.c -o ft_striteri.o
echo "\nlibft.a: \033[0;32mobject files were created\033[0m"
gcc -Wall -Wextra -Werror -c ft_putchar_fd.c -o ft_putchar_fd.o
echo "\nlibft.a: \033[0;32mobject files were created\033[0m"
gcc -Wall -Wextra -Werror -c ft_putstr_fd.c -o ft_putstr_fd.o
echo "\nlibft.a: \033[0;32mobject files were created\033[0m"
gcc -Wall -Wextra -Werror -c ft_putendl_fd.c -o ft_putendl_fd.o
echo "\nlibft.a: \033[0;32mobject files were created\033[0m"
gcc -Wall -Wextra -Werror -c ft_putnbr_fd.c -o ft_putnbr_fd.o
echo "\nlibft.a: \033[0;32mobject files were created\033[0m"
ar rcs libft.a ft_isalpha.o ft_isdigit.o ft_isalnum.o ft_isascii.o ft_isprint.o ft_strlen.o ft_memset.o ft_bzero.o ft_memcpy.o ft_memmove.o ft_strlcpy.o ft_strlcat.o ft_toupper.o ft_tolower.o ft_strchr.o ft_strrchr.o ft_strncmp.o ft_memchr.o ft_memcmp.o ft_strnstr.o ft_atoi.o ft_strdup.o ft_calloc.o ft_strnstr.o ft_itoa.o ft_substr.o ft_split.o ft_strjoin.o ft_strtrim.o ft_itoa.o ft_strmapi.o ft_striteri.o ft_putchar_fd.o ft_putstr_fd.o ft_putendl_fd.o ft_putnbr_fd.o
echo "libft.a: \033[0;32mlibft.a was created\033[0m"
make: Leaving directory '/home/rgalata/Desktop/libft/libft'
 
